<?xml version="1.0" encoding="UTF-8"?>
<!-- Generated by org.testng.reporters.JUnitXMLReporter -->
<testsuite ignored="0" hostname="DESKTOP-37JOKTT" failures="1" tests="3" name="Error Validations Test" time="17.817" errors="0" timestamp="2026-08-30T16:10:27 IST">
  <testcase classname="E2E.SeleniumFrameworkDesign.Tests.ErrorValidations" name="invalidUserNameOrPassword" time="2.383">
    <skipped/>
  </testcase> <!-- invalidUserNameOrPassword -->
  <testcase classname="E2E.SeleniumFrameworkDesign.Tests.ErrorValidations" name="invalidUserNameOrPassword" time="0.674">
    <failure type="java.lang.AssertionError" message="expected [Incorrect email  password.] but found [Incorrect email or password.]">
      <![CDATA[java.lang.AssertionError: expected [Incorrect email  password.] but found [Incorrect email or password.]
at E2E.SeleniumFrameworkDesign.Tests.ErrorValidations.invalidUserNameOrPassword(ErrorValidations.java:22)
at java.base/java.util.ArrayList.forEach(ArrayList.java:1596)
at java.base/java.util.concurrent.FutureTask.run(FutureTask.java:317)
at java.base/java.util.concurrent.ThreadPoolExecutor.runWorker(ThreadPoolExecutor.java:1144)
at java.base/java.util.concurrent.ThreadPoolExecutor$Worker.run(ThreadPoolExecutor.java:642)
at java.base/java.lang.Thread.run(Thread.java:1583)
... Removed 21 stack frames]]>
    </failure>
  </testcase> <!-- invalidUserNameOrPassword -->
  <testcase classname="E2E.SeleniumFrameworkDesign.Tests.ErrorValidations" name="productErrorValidation" time="3.496"/>
</testsuite> <!-- Error Validations Test -->
