<?xml version="1.0" encoding="UTF-8"?>
<!-- Generated by org.testng.reporters.JUnitXMLReporter -->
<testsuite ignored="0" hostname="DESKTOP-37JOKTT" failures="0" tests="3" name="Place Order Test" time="26.171" errors="0" timestamp="2026-08-30T16:10:34 IST">
  <testcase classname="E2E.SeleniumFrameworkDesign.Tests.LoginAndPlaceOrderTest" name="submitOrder" time="4.823"/>
  <testcase classname="E2E.SeleniumFrameworkDesign.Tests.LoginAndPlaceOrderTest" name="submitOrder" time="3.985"/>
  <testcase classname="E2E.SeleniumFrameworkDesign.Tests.LoginAndPlaceOrderTest" name="orderHistory" time="1.025"/>
</testsuite> <!-- Place Order Test -->
