<?xml version="1.0" encoding="UTF-8"?>
<testng-results retried="1" ignored="0" total="6" passed="4" failed="1" skipped="0">
  <reporter-output>
  </reporter-output>
  <suite started-at="2026-08-30T16:10:08 IST" name="Suite" finished-at="2026-08-30T16:10:34 IST" duration-ms="26171">
    <groups>
      <group name="Orders">
        <method signature="LoginAndPlaceOrderTest.submitOrder(java.util.HashMap)[pri:0, instance:E2E.SeleniumFrameworkDesign.Tests.LoginAndPlaceOrderTest@3e78b6a5]" name="submitOrder" class="E2E.SeleniumFrameworkDesign.Tests.LoginAndPlaceOrderTest"/>
      </group> <!-- Orders -->
      <group name="ErrorHandling">
        <method signature="ErrorValidations.invalidUserNameOrPassword()[pri:0, instance:E2E.SeleniumFrameworkDesign.Tests.ErrorValidations@72ef8d15]" name="invalidUserNameOrPassword" class="E2E.SeleniumFrameworkDesign.Tests.ErrorValidations"/>
      </group> <!-- ErrorHandling -->
    </groups>
    <test started-at="2026-08-30T16:10:08 IST" name="Error Validations Test" finished-at="2026-08-30T16:10:25 IST" duration-ms="17817">
      <class name="E2E.SeleniumFrameworkDesign.Tests.ErrorValidations">
        <test-method is-config="true" signature="launchApplication()[pri:0, instance:E2E.SeleniumFrameworkDesign.Tests.ErrorValidations@72ef8d15]" started-at="2026-08-30T16:10:08 IST" name="launchApplication" finished-at="2026-08-30T16:10:12 IST" duration-ms="4234" status="PASS">
          <reporter-output>
          </reporter-output>
        </test-method> <!-- launchApplication -->
        <test-method retried="true" signature="invalidUserNameOrPassword()[pri:0, instance:E2E.SeleniumFrameworkDesign.Tests.ErrorValidations@72ef8d15]" started-at="2026-08-30T16:10:12 IST" name="invalidUserNameOrPassword" finished-at="2026-08-30T16:10:14 IST" duration-ms="2383" status="SKIP">
          <exception class="java.lang.AssertionError">
            <message>
              <![CDATA[expected [Incorrect email  password.] but found [Incorrect email or password.]]]>
            </message>
            <full-stacktrace>
              <![CDATA[java.lang.AssertionError: expected [Incorrect email  password.] but found [Incorrect email or password.]
at org.testng.Assert.fail(Assert.java:111)
at org.testng.Assert.failNotEquals(Assert.java:1590)
at org.testng.Assert.assertEqualsImpl(Assert.java:150)
at org.testng.Assert.assertEquals(Assert.java:132)
at org.testng.Assert.assertEquals(Assert.java:656)
at org.testng.Assert.assertEquals(Assert.java:666)
at E2E.SeleniumFrameworkDesign.Tests.ErrorValidations.invalidUserNameOrPassword(ErrorValidations.java:22)
at java.base/jdk.internal.reflect.DirectMethodHandleAccessor.invoke(DirectMethodHandleAccessor.java:103)
at java.base/java.lang.reflect.Method.invoke(Method.java:580)
at org.testng.internal.invokers.MethodInvocationHelper.invokeMethod(MethodInvocationHelper.java:141)
at org.testng.internal.invokers.TestInvoker.invokeMethod(TestInvoker.java:697)
at org.testng.internal.invokers.TestInvoker.invokeTestMethod(TestInvoker.java:230)
at org.testng.internal.invokers.MethodRunner.runInSequence(MethodRunner.java:63)
at org.testng.internal.invokers.TestInvoker$MethodInvocationAgent.invoke(TestInvoker.java:1005)
at org.testng.internal.invokers.TestInvoker.invokeTestMethods(TestInvoker.java:203)
at org.testng.internal.invokers.TestMethodWorker.invokeTestMethods(TestMethodWorker.java:154)
at org.testng.internal.invokers.TestMethodWorker.run(TestMethodWorker.java:134)
at java.base/java.util.ArrayList.forEach(ArrayList.java:1596)
at org.testng.TestRunner.privateRun(TestRunner.java:744)
at org.testng.TestRunner.run(TestRunner.java:616)
at org.testng.SuiteRunner.runTest(SuiteRunner.java:421)
at org.testng.SuiteRunner$SuiteWorker.run(SuiteRunner.java:463)
at org.testng.internal.thread.ThreadUtil.lambda$execute$0(ThreadUtil.java:64)
at java.base/java.util.concurrent.FutureTask.run(FutureTask.java:317)
at java.base/java.util.concurrent.ThreadPoolExecutor.runWorker(ThreadPoolExecutor.java:1144)
at java.base/java.util.concurrent.ThreadPoolExecutor$Worker.run(ThreadPoolExecutor.java:642)
at java.base/java.lang.Thread.run(Thread.java:1583)
]]>
            </full-stacktrace>
          </exception> <!-- java.lang.AssertionError -->
          <reporter-output>
          </reporter-output>
        </test-method> <!-- invalidUserNameOrPassword -->
        <test-method is-config="true" signature="tearDown()[pri:0, instance:E2E.SeleniumFrameworkDesign.Tests.ErrorValidations@72ef8d15]" started-at="2026-08-30T16:10:14 IST" name="tearDown" finished-at="2026-08-30T16:10:15 IST" duration-ms="236" status="PASS">
          <reporter-output>
          </reporter-output>
        </test-method> <!-- tearDown -->
        <test-method is-config="true" signature="launchApplication()[pri:0, instance:E2E.SeleniumFrameworkDesign.Tests.ErrorValidations@72ef8d15]" started-at="2026-08-30T16:10:15 IST" name="launchApplication" finished-at="2026-08-30T16:10:17 IST" duration-ms="2755" status="PASS">
          <reporter-output>
          </reporter-output>
        </test-method> <!-- launchApplication -->
        <test-method signature="invalidUserNameOrPassword()[pri:0, instance:E2E.SeleniumFrameworkDesign.Tests.ErrorValidations@72ef8d15]" started-at="2026-08-30T16:10:17 IST" name="invalidUserNameOrPassword" finished-at="2026-08-30T16:10:18 IST" duration-ms="674" status="FAIL">
          <exception class="java.lang.AssertionError">
            <message>
              <![CDATA[expected [Incorrect email  password.] but found [Incorrect email or password.]]]>
            </message>
            <full-stacktrace>
              <![CDATA[java.lang.AssertionError: expected [Incorrect email  password.] but found [Incorrect email or password.]
at org.testng.Assert.fail(Assert.java:111)
at org.testng.Assert.failNotEquals(Assert.java:1590)
at org.testng.Assert.assertEqualsImpl(Assert.java:150)
at org.testng.Assert.assertEquals(Assert.java:132)
at org.testng.Assert.assertEquals(Assert.java:656)
at org.testng.Assert.assertEquals(Assert.java:666)
at E2E.SeleniumFrameworkDesign.Tests.ErrorValidations.invalidUserNameOrPassword(ErrorValidations.java:22)
at java.base/jdk.internal.reflect.DirectMethodHandleAccessor.invoke(DirectMethodHandleAccessor.java:103)
at java.base/java.lang.reflect.Method.invoke(Method.java:580)
at org.testng.internal.invokers.MethodInvocationHelper.invokeMethod(MethodInvocationHelper.java:141)
at org.testng.internal.invokers.TestInvoker.invokeMethod(TestInvoker.java:697)
at org.testng.internal.invokers.TestInvoker.retryFailed(TestInvoker.java:280)
at org.testng.internal.invokers.MethodRunner.runInSequence(MethodRunner.java:76)
at org.testng.internal.invokers.TestInvoker$MethodInvocationAgent.invoke(TestInvoker.java:1005)
at org.testng.internal.invokers.TestInvoker.invokeTestMethods(TestInvoker.java:203)
at org.testng.internal.invokers.TestMethodWorker.invokeTestMethods(TestMethodWorker.java:154)
at org.testng.internal.invokers.TestMethodWorker.run(TestMethodWorker.java:134)
at java.base/java.util.ArrayList.forEach(ArrayList.java:1596)
at org.testng.TestRunner.privateRun(TestRunner.java:744)
at org.testng.TestRunner.run(TestRunner.java:616)
at org.testng.SuiteRunner.runTest(SuiteRunner.java:421)
at org.testng.SuiteRunner$SuiteWorker.run(SuiteRunner.java:463)
at org.testng.internal.thread.ThreadUtil.lambda$execute$0(ThreadUtil.java:64)
at java.base/java.util.concurrent.FutureTask.run(FutureTask.java:317)
at java.base/java.util.concurrent.ThreadPoolExecutor.runWorker(ThreadPoolExecutor.java:1144)
at java.base/java.util.concurrent.ThreadPoolExecutor$Worker.run(ThreadPoolExecutor.java:642)
at java.base/java.lang.Thread.run(Thread.java:1583)
]]>
            </full-stacktrace>
          </exception> <!-- java.lang.AssertionError -->
          <reporter-output>
          </reporter-output>
        </test-method> <!-- invalidUserNameOrPassword -->
        <test-method is-config="true" signature="tearDown()[pri:0, instance:E2E.SeleniumFrameworkDesign.Tests.ErrorValidations@72ef8d15]" started-at="2026-08-30T16:10:18 IST" name="tearDown" finished-at="2026-08-30T16:10:19 IST" duration-ms="168" status="PASS">
          <reporter-output>
          </reporter-output>
        </test-method> <!-- tearDown -->
        <test-method is-config="true" signature="launchApplication()[pri:0, instance:E2E.SeleniumFrameworkDesign.Tests.ErrorValidations@72ef8d15]" started-at="2026-08-30T16:10:19 IST" name="launchApplication" finished-at="2026-08-30T16:10:22 IST" duration-ms="3169" status="PASS">
          <reporter-output>
          </reporter-output>
        </test-method> <!-- launchApplication -->
        <test-method signature="productErrorValidation()[pri:0, instance:E2E.SeleniumFrameworkDesign.Tests.ErrorValidations@72ef8d15]" started-at="2026-08-30T16:10:22 IST" name="productErrorValidation" finished-at="2026-08-30T16:10:25 IST" duration-ms="3496" status="PASS">
          <reporter-output>
          </reporter-output>
        </test-method> <!-- productErrorValidation -->
        <test-method is-config="true" signature="tearDown()[pri:0, instance:E2E.SeleniumFrameworkDesign.Tests.ErrorValidations@72ef8d15]" started-at="2026-08-30T16:10:25 IST" name="tearDown" finished-at="2026-08-30T16:10:25 IST" duration-ms="153" status="PASS">
          <reporter-output>
          </reporter-output>
        </test-method> <!-- tearDown -->
      </class> <!-- E2E.SeleniumFrameworkDesign.Tests.ErrorValidations -->
    </test> <!-- Error Validations Test -->
    <test started-at="2026-08-30T16:10:08 IST" name="Place Order Test" finished-at="2026-08-30T16:10:34 IST" duration-ms="26171">
      <class name="E2E.SeleniumFrameworkDesign.Tests.LoginAndPlaceOrderTest">
        <test-method is-config="true" signature="launchApplication()[pri:0, instance:E2E.SeleniumFrameworkDesign.Tests.LoginAndPlaceOrderTest@3e78b6a5]" started-at="2026-08-30T16:10:08 IST" name="launchApplication" finished-at="2026-08-30T16:10:17 IST" duration-ms="8545" status="PASS">
          <reporter-output>
          </reporter-output>
        </test-method> <!-- launchApplication -->
        <test-method signature="submitOrder(java.util.HashMap)[pri:0, instance:E2E.SeleniumFrameworkDesign.Tests.LoginAndPlaceOrderTest@3e78b6a5]" started-at="2026-08-30T16:10:17 IST" name="submitOrder" data-provider="getData" finished-at="2026-08-30T16:10:21 IST" duration-ms="4823" status="PASS">
          <params>
            <param index="0">
              <value>
                <![CDATA[{password=SnehalEdake@10, product=ZARA COAT 3, email=snehalep@example.com}]]>
              </value>
            </param>
          </params>
          <reporter-output>
          </reporter-output>
        </test-method> <!-- submitOrder -->
        <test-method is-config="true" signature="tearDown()[pri:0, instance:E2E.SeleniumFrameworkDesign.Tests.LoginAndPlaceOrderTest@3e78b6a5]" started-at="2026-08-30T16:10:21 IST" name="tearDown" finished-at="2026-08-30T16:10:22 IST" duration-ms="164" status="PASS">
          <reporter-output>
          </reporter-output>
        </test-method> <!-- tearDown -->
        <test-method is-config="true" signature="launchApplication()[pri:0, instance:E2E.SeleniumFrameworkDesign.Tests.LoginAndPlaceOrderTest@3e78b6a5]" started-at="2026-08-30T16:10:22 IST" name="launchApplication" finished-at="2026-08-30T16:10:25 IST" duration-ms="3762" status="PASS">
          <reporter-output>
          </reporter-output>
        </test-method> <!-- launchApplication -->
        <test-method signature="submitOrder(java.util.HashMap)[pri:0, instance:E2E.SeleniumFrameworkDesign.Tests.LoginAndPlaceOrderTest@3e78b6a5]" started-at="2026-08-30T16:10:25 IST" name="submitOrder" data-provider="getData" finished-at="2026-08-30T16:10:29 IST" duration-ms="3985" status="PASS">
          <params>
            <param index="0">
              <value>
                <![CDATA[{password=SnehalEdake@10, product=ADIDAS ORIGINAL, email=snehalep1111@example.com}]]>
              </value>
            </param>
          </params>
          <reporter-output>
          </reporter-output>
        </test-method> <!-- submitOrder -->
        <test-method is-config="true" signature="tearDown()[pri:0, instance:E2E.SeleniumFrameworkDesign.Tests.LoginAndPlaceOrderTest@3e78b6a5]" started-at="2026-08-30T16:10:29 IST" name="tearDown" finished-at="2026-08-30T16:10:30 IST" duration-ms="238" status="PASS">
          <reporter-output>
          </reporter-output>
        </test-method> <!-- tearDown -->
        <test-method is-config="true" signature="launchApplication()[pri:0, instance:E2E.SeleniumFrameworkDesign.Tests.LoginAndPlaceOrderTest@3e78b6a5]" started-at="2026-08-30T16:10:30 IST" name="launchApplication" finished-at="2026-08-30T16:10:33 IST" duration-ms="2985" status="PASS">
          <reporter-output>
          </reporter-output>
        </test-method> <!-- launchApplication -->
        <test-method signature="orderHistory()[pri:0, instance:E2E.SeleniumFrameworkDesign.Tests.LoginAndPlaceOrderTest@3e78b6a5]" started-at="2026-08-30T16:10:33 IST" name="orderHistory" finished-at="2026-08-30T16:10:34 IST" depends-on-methods="E2E.SeleniumFrameworkDesign.Tests.LoginAndPlaceOrderTest.submitOrder" duration-ms="1025" status="PASS">
          <reporter-output>
          </reporter-output>
        </test-method> <!-- orderHistory -->
        <test-method is-config="true" signature="tearDown()[pri:0, instance:E2E.SeleniumFrameworkDesign.Tests.LoginAndPlaceOrderTest@3e78b6a5]" started-at="2026-08-30T16:10:34 IST" name="tearDown" finished-at="2026-08-30T16:10:34 IST" duration-ms="143" status="PASS">
          <reporter-output>
          </reporter-output>
        </test-method> <!-- tearDown -->
      </class> <!-- E2E.SeleniumFrameworkDesign.Tests.LoginAndPlaceOrderTest -->
    </test> <!-- Place Order Test -->
  </suite> <!-- Suite -->
</testng-results>
