<?xml version="1.0" encoding="UTF-8"?>
<!-- Generated by org.testng.reporters.JUnitReportReporter -->
<testsuite hostname="DESKTOP-37JOKTT" failures="0" tests="3" name="E2E.SeleniumFrameworkDesign.Tests.LoginAndPlaceOrderTest" time="25.670" errors="0" timestamp="2026-08-30T16:10:34 IST" skipped="0">
  <testcase classname="E2E.SeleniumFrameworkDesign.Tests.LoginAndPlaceOrderTest" name="submitOrder" time="7.208"/>
  <testcase classname="E2E.SeleniumFrameworkDesign.Tests.LoginAndPlaceOrderTest" name="submitOrder" time="13.511"/>
  <testcase classname="E2E.SeleniumFrameworkDesign.Tests.LoginAndPlaceOrderTest" name="orderHistory" time="4.951"/>
</testsuite> <!-- E2E.SeleniumFrameworkDesign.Tests.LoginAndPlaceOrderTest -->
